
	  Darwin Schema Change Descriptions

-----------------------------------------
     Windows Installer 1.0
-----------------------------------------

Max Supported Schema: 100

-----------------------------------------
     Windows Installer 1.1 
-----------------------------------------

Max Supported Schema: 110

Changes/Additions:

 Complus table added.
 Upgrade table added.
 Attributes column added to Class table.
 Description column added to ServiceInstall table.
 IsolatedComponent table added. 
 Description column of ODBCDataSource table was made non-localizable.
 Driver Description column of ODBCDataSource table was made non-localizable.
 Description column of ODBCTranslator table was made non-localizable.

-----------------------------------------
     Windows Installer 1.2
-----------------------------------------

Max Supported Schema: 120

Changes/Additions:

 FileSFPCatalog table added.
 SFPCatalog table added.

-----------------------------------------
     Windows Installer 2.0
-----------------------------------------

Max Supported Schema: 200

Changes/Additions:
 MsiAssembly table added.
 MsiAssemblyName table added.
 MsiDigitalCertificate table added.
 MsiDigitalSignature table added.
 MsiFileHash table added.
 MsiPatchHeaders table added (only for MSP usage).
 Version column of TypeLib table is now of type DoubleInteger.
 
 -----------------------------------------
     Windows Installer 3.0
-----------------------------------------

Max Supported Schema: 300

Changes/Additions:
 MsiPatchSequence table added (only for MSP usage).
 MsiPatchCertificate table added.
 
